This is pdfTeX, Version 3.14159265-2.6-1.40.20 (TeX Live 2019) (preloaded format=pdflatex 2019.5.8)  22 SEP 2020 18:42
entering extended mode
 restricted \write18 enabled.
 %&-line parsing enabled.
**ProblemSet4Solution.tex
(./ProblemSet4Solution.tex
LaTeX2e <2018-12-01>
(/usr/local/texlive/2019/texmf-dist/tex/latex/extsizes/extarticle.cls
Document Class: extarticle 1996/10/08 v1.0 Non Standard LaTeX document class
(/usr/local/texlive/2019/texmf-dist/tex/latex/base/size10.clo
File: size10.clo 2018/09/03 v1.4i Standard LaTeX file (size option)
)
(/usr/local/texlive/2019/texmf-dist/tex/latex/base/exscale.sty
Package: exscale 2018/09/24 v2.1i Standard LaTeX package exscale
LaTeX Font Info:    Redeclaring symbol font `largesymbols' on input line 57.
LaTeX Font Info:    Overwriting symbol font `largesymbols' in version `normal'
(Font)                  OMX/cmex/m/n --> OMX/cmex/m/n on input line 57.
LaTeX Font Info:    Overwriting symbol font `largesymbols' in version `bold'
(Font)                  OMX/cmex/m/n --> OMX/cmex/m/n on input line 57.
\big@size=\dimen102
)
\c@part=\count80
\c@section=\count81
\c@subsection=\count82
\c@subsubsection=\count83
\c@paragraph=\count84
\c@subparagraph=\count85
\c@figure=\count86
\c@table=\count87
\abovecaptionskip=\skip41
\belowcaptionskip=\skip42
\bibindent=\dimen103
)
(/usr/local/texlive/2019/texmf-dist/tex/latex/tools/longtable.sty
Package: longtable 2014/10/28 v4.11 Multi-page Table package (DPC)+ FMi change
\LTleft=\skip43
\LTright=\skip44
\LTpre=\skip45
\LTpost=\skip46
\LTchunksize=\count88
\LTcapwidth=\dimen104
\LT@head=\box27
\LT@firsthead=\box28
\LT@foot=\box29
\LT@lastfoot=\box30
\LT@cols=\count89
\LT@rows=\count90
\c@LT@tables=\count91
\c@LT@chunks=\count92
\LT@p@ftn=\toks14
)
(/usr/local/texlive/2019/texmf-dist/tex/latex/natbib/natbib.sty
Package: natbib 2010/09/13 8.31b (PWD, AO)
\bibhang=\skip47
\bibsep=\skip48
LaTeX Info: Redefining \cite on input line 694.
\c@NAT@ctr=\count93
)
(/usr/local/texlive/2019/texmf-dist/tex/latex/lm/lmodern.sty
Package: lmodern 2009/10/30 v1.6 Latin Modern Fonts
LaTeX Font Info:    Overwriting symbol font `operators' in version `normal'
(Font)                  OT1/cmr/m/n --> OT1/lmr/m/n on input line 22.
LaTeX Font Info:    Overwriting symbol font `letters' in version `normal'
(Font)                  OML/cmm/m/it --> OML/lmm/m/it on input line 23.
LaTeX Font Info:    Overwriting symbol font `symbols' in version `normal'
(Font)                  OMS/cmsy/m/n --> OMS/lmsy/m/n on input line 24.
LaTeX Font Info:    Overwriting symbol font `largesymbols' in version `normal'
(Font)                  OMX/cmex/m/n --> OMX/lmex/m/n on input line 25.
LaTeX Font Info:    Overwriting symbol font `operators' in version `bold'
(Font)                  OT1/cmr/bx/n --> OT1/lmr/bx/n on input line 26.
LaTeX Font Info:    Overwriting symbol font `letters' in version `bold'
(Font)                  OML/cmm/b/it --> OML/lmm/b/it on input line 27.
LaTeX Font Info:    Overwriting symbol font `symbols' in version `bold'
(Font)                  OMS/cmsy/b/n --> OMS/lmsy/b/n on input line 28.
LaTeX Font Info:    Overwriting symbol font `largesymbols' in version `bold'
(Font)                  OMX/cmex/m/n --> OMX/lmex/m/n on input line 29.
LaTeX Font Info:    Overwriting math alphabet `\mathbf' in version `normal'
(Font)                  OT1/cmr/bx/n --> OT1/lmr/bx/n on input line 31.
LaTeX Font Info:    Overwriting math alphabet `\mathsf' in version `normal'
(Font)                  OT1/cmss/m/n --> OT1/lmss/m/n on input line 32.
LaTeX Font Info:    Overwriting math alphabet `\mathit' in version `normal'
(Font)                  OT1/cmr/m/it --> OT1/lmr/m/it on input line 33.
LaTeX Font Info:    Overwriting math alphabet `\mathtt' in version `normal'
(Font)                  OT1/cmtt/m/n --> OT1/lmtt/m/n on input line 34.
LaTeX Font Info:    Overwriting math alphabet `\mathbf' in version `bold'
(Font)                  OT1/cmr/bx/n --> OT1/lmr/bx/n on input line 35.
LaTeX Font Info:    Overwriting math alphabet `\mathsf' in version `bold'
(Font)                  OT1/cmss/bx/n --> OT1/lmss/bx/n on input line 36.
LaTeX Font Info:    Overwriting math alphabet `\mathit' in version `bold'
(Font)                  OT1/cmr/bx/it --> OT1/lmr/bx/it on input line 37.
LaTeX Font Info:    Overwriting math alphabet `\mathtt' in version `bold'
(Font)                  OT1/cmtt/m/n --> OT1/lmtt/m/n on input line 38.
)
(/usr/local/texlive/2019/texmf-dist/tex/latex/base/fontenc.sty
Package: fontenc 2018/08/11 v2.0j Standard LaTeX package

(/usr/local/texlive/2019/texmf-dist/tex/latex/base/t1enc.def
File: t1enc.def 2018/08/11 v2.0j Standard LaTeX file
LaTeX Font Info:    Redeclaring font encoding T1 on input line 48.
))
(/usr/local/texlive/2019/texmf-dist/tex/latex/fourier/fourier.sty
Package: fourier 2005/01/01 1.4 fourier-GUTenberg package
Now handling font encoding FML ...
... no UTF-8 mapping file for font encoding FML
Now handling font encoding FMS ...
... no UTF-8 mapping file for font encoding FMS
Now handling font encoding FMX ...
... no UTF-8 mapping file for font encoding FMX

(/usr/local/texlive/2019/texmf-dist/tex/latex/base/fontenc.sty
Package: fontenc 2018/08/11 v2.0j Standard LaTeX package

(/usr/local/texlive/2019/texmf-dist/tex/latex/base/t1enc.def
File: t1enc.def 2018/08/11 v2.0j Standard LaTeX file
LaTeX Font Info:    Redeclaring font encoding T1 on input line 48.
))
(/usr/local/texlive/2019/texmf-dist/tex/latex/base/textcomp.sty
Package: textcomp 2018/08/11 v2.0j Standard LaTeX package
Package textcomp Info: Sub-encoding information:
(textcomp)               5 = only ISO-Adobe without \textcurrency
(textcomp)               4 = 5 + \texteuro
(textcomp)               3 = 4 + \textohm
(textcomp)               2 = 3 + \textestimated + \textcurrency
(textcomp)               1 = TS1 - \textcircled - \t
(textcomp)               0 = TS1 (full)
(textcomp)             Font families with sub-encoding setting implement
(textcomp)             only a restricted character set as indicated.
(textcomp)             Family '?' is the default used for unknown fonts.
(textcomp)             See the documentation for details.
Package textcomp Info: Setting ? sub-encoding to TS1/1 on input line 79.

(/usr/local/texlive/2019/texmf-dist/tex/latex/base/ts1enc.def
File: ts1enc.def 2001/06/05 v3.0e (jk/car/fm) Standard LaTeX file
Now handling font encoding TS1 ...
... processing UTF-8 mapping file for font encoding TS1

(/usr/local/texlive/2019/texmf-dist/tex/latex/base/ts1enc.dfu
File: ts1enc.dfu 2018/10/05 v1.2f UTF-8 support for inputenc
   defining Unicode char U+00A2 (decimal 162)
   defining Unicode char U+00A3 (decimal 163)
   defining Unicode char U+00A4 (decimal 164)
   defining Unicode char U+00A5 (decimal 165)
   defining Unicode char U+00A6 (decimal 166)
   defining Unicode char U+00A7 (decimal 167)
   defining Unicode char U+00A8 (decimal 168)
   defining Unicode char U+00A9 (decimal 169)
   defining Unicode char U+00AA (decimal 170)
   defining Unicode char U+00AC (decimal 172)
   defining Unicode char U+00AE (decimal 174)
   defining Unicode char U+00AF (decimal 175)
   defining Unicode char U+00B0 (decimal 176)
   defining Unicode char U+00B1 (decimal 177)
   defining Unicode char U+00B2 (decimal 178)
   defining Unicode char U+00B3 (decimal 179)
   defining Unicode char U+00B4 (decimal 180)
   defining Unicode char U+00B5 (decimal 181)
   defining Unicode char U+00B6 (decimal 182)
   defining Unicode char U+00B7 (decimal 183)
   defining Unicode char U+00B9 (decimal 185)
   defining Unicode char U+00BA (decimal 186)
   defining Unicode char U+00BC (decimal 188)
   defining Unicode char U+00BD (decimal 189)
   defining Unicode char U+00BE (decimal 190)
   defining Unicode char U+00D7 (decimal 215)
   defining Unicode char U+00F7 (decimal 247)
   defining Unicode char U+0192 (decimal 402)
   defining Unicode char U+02C7 (decimal 711)
   defining Unicode char U+02D8 (decimal 728)
   defining Unicode char U+02DD (decimal 733)
   defining Unicode char U+0E3F (decimal 3647)
   defining Unicode char U+2016 (decimal 8214)
   defining Unicode char U+2020 (decimal 8224)
   defining Unicode char U+2021 (decimal 8225)
   defining Unicode char U+2022 (decimal 8226)
   defining Unicode char U+2030 (decimal 8240)
   defining Unicode char U+2031 (decimal 8241)
   defining Unicode char U+203B (decimal 8251)
   defining Unicode char U+203D (decimal 8253)
   defining Unicode char U+2044 (decimal 8260)
   defining Unicode char U+204E (decimal 8270)
   defining Unicode char U+2052 (decimal 8274)
   defining Unicode char U+20A1 (decimal 8353)
   defining Unicode char U+20A4 (decimal 8356)
   defining Unicode char U+20A6 (decimal 8358)
   defining Unicode char U+20A9 (decimal 8361)
   defining Unicode char U+20AB (decimal 8363)
   defining Unicode char U+20AC (decimal 8364)
   defining Unicode char U+20B1 (decimal 8369)
   defining Unicode char U+2103 (decimal 8451)
   defining Unicode char U+2116 (decimal 8470)
   defining Unicode char U+2117 (decimal 8471)
   defining Unicode char U+211E (decimal 8478)
   defining Unicode char U+2120 (decimal 8480)
   defining Unicode char U+2122 (decimal 8482)
   defining Unicode char U+2126 (decimal 8486)
   defining Unicode char U+2127 (decimal 8487)
   defining Unicode char U+212E (decimal 8494)
   defining Unicode char U+2190 (decimal 8592)
   defining Unicode char U+2191 (decimal 8593)
   defining Unicode char U+2192 (decimal 8594)
   defining Unicode char U+2193 (decimal 8595)
   defining Unicode char U+2329 (decimal 9001)
   defining Unicode char U+232A (decimal 9002)
   defining Unicode char U+2422 (decimal 9250)
   defining Unicode char U+25E6 (decimal 9702)
   defining Unicode char U+25EF (decimal 9711)
   defining Unicode char U+266A (decimal 9834)
   defining Unicode char U+FEFF (decimal 65279)
))
LaTeX Info: Redefining \oldstylenums on input line 334.
Package textcomp Info: Setting cmr sub-encoding to TS1/0 on input line 349.
Package textcomp Info: Setting cmss sub-encoding to TS1/0 on input line 350.
Package textcomp Info: Setting cmtt sub-encoding to TS1/0 on input line 351.
Package textcomp Info: Setting cmvtt sub-encoding to TS1/0 on input line 352.
Package textcomp Info: Setting cmbr sub-encoding to TS1/0 on input line 353.
Package textcomp Info: Setting cmtl sub-encoding to TS1/0 on input line 354.
Package textcomp Info: Setting ccr sub-encoding to TS1/0 on input line 355.
Package textcomp Info: Setting ptm sub-encoding to TS1/4 on input line 356.
Package textcomp Info: Setting pcr sub-encoding to TS1/4 on input line 357.
Package textcomp Info: Setting phv sub-encoding to TS1/4 on input line 358.
Package textcomp Info: Setting ppl sub-encoding to TS1/3 on input line 359.
Package textcomp Info: Setting pag sub-encoding to TS1/4 on input line 360.
Package textcomp Info: Setting pbk sub-encoding to TS1/4 on input line 361.
Package textcomp Info: Setting pnc sub-encoding to TS1/4 on input line 362.
Package textcomp Info: Setting pzc sub-encoding to TS1/4 on input line 363.
Package textcomp Info: Setting bch sub-encoding to TS1/4 on input line 364.
Package textcomp Info: Setting put sub-encoding to TS1/5 on input line 365.
Package textcomp Info: Setting uag sub-encoding to TS1/5 on input line 366.
Package textcomp Info: Setting ugq sub-encoding to TS1/5 on input line 367.
Package textcomp Info: Setting ul8 sub-encoding to TS1/4 on input line 368.
Package textcomp Info: Setting ul9 sub-encoding to TS1/4 on input line 369.
Package textcomp Info: Setting augie sub-encoding to TS1/5 on input line 370.
Package textcomp Info: Setting dayrom sub-encoding to TS1/3 on input line 371.
Package textcomp Info: Setting dayroms sub-encoding to TS1/3 on input line 372.

Package textcomp Info: Setting pxr sub-encoding to TS1/0 on input line 373.
Package textcomp Info: Setting pxss sub-encoding to TS1/0 on input line 374.
Package textcomp Info: Setting pxtt sub-encoding to TS1/0 on input line 375.
Package textcomp Info: Setting txr sub-encoding to TS1/0 on input line 376.
Package textcomp Info: Setting txss sub-encoding to TS1/0 on input line 377.
Package textcomp Info: Setting txtt sub-encoding to TS1/0 on input line 378.
Package textcomp Info: Setting lmr sub-encoding to TS1/0 on input line 379.
Package textcomp Info: Setting lmdh sub-encoding to TS1/0 on input line 380.
Package textcomp Info: Setting lmss sub-encoding to TS1/0 on input line 381.
Package textcomp Info: Setting lmssq sub-encoding to TS1/0 on input line 382.
Package textcomp Info: Setting lmvtt sub-encoding to TS1/0 on input line 383.
Package textcomp Info: Setting lmtt sub-encoding to TS1/0 on input line 384.
Package textcomp Info: Setting qhv sub-encoding to TS1/0 on input line 385.
Package textcomp Info: Setting qag sub-encoding to TS1/0 on input line 386.
Package textcomp Info: Setting qbk sub-encoding to TS1/0 on input line 387.
Package textcomp Info: Setting qcr sub-encoding to TS1/0 on input line 388.
Package textcomp Info: Setting qcs sub-encoding to TS1/0 on input line 389.
Package textcomp Info: Setting qpl sub-encoding to TS1/0 on input line 390.
Package textcomp Info: Setting qtm sub-encoding to TS1/0 on input line 391.
Package textcomp Info: Setting qzc sub-encoding to TS1/0 on input line 392.
Package textcomp Info: Setting qhvc sub-encoding to TS1/0 on input line 393.
Package textcomp Info: Setting futs sub-encoding to TS1/4 on input line 394.
Package textcomp Info: Setting futx sub-encoding to TS1/4 on input line 395.
Package textcomp Info: Setting futj sub-encoding to TS1/4 on input line 396.
Package textcomp Info: Setting hlh sub-encoding to TS1/3 on input line 397.
Package textcomp Info: Setting hls sub-encoding to TS1/3 on input line 398.
Package textcomp Info: Setting hlst sub-encoding to TS1/3 on input line 399.
Package textcomp Info: Setting hlct sub-encoding to TS1/5 on input line 400.
Package textcomp Info: Setting hlx sub-encoding to TS1/5 on input line 401.
Package textcomp Info: Setting hlce sub-encoding to TS1/5 on input line 402.
Package textcomp Info: Setting hlcn sub-encoding to TS1/5 on input line 403.
Package textcomp Info: Setting hlcw sub-encoding to TS1/5 on input line 404.
Package textcomp Info: Setting hlcf sub-encoding to TS1/5 on input line 405.
Package textcomp Info: Setting pplx sub-encoding to TS1/3 on input line 406.
Package textcomp Info: Setting pplj sub-encoding to TS1/3 on input line 407.
Package textcomp Info: Setting ptmx sub-encoding to TS1/4 on input line 408.
Package textcomp Info: Setting ptmj sub-encoding to TS1/4 on input line 409.
)
(/usr/local/texlive/2019/texmf-dist/tex/latex/fourier/fourier-orns.sty
Package: fourier-orns 2004/01/30 1.1 fourier-ornaments package
)
LaTeX Font Info:    Redeclaring symbol font `operators' on input line 50.
LaTeX Font Info:    Encoding `OT1' has changed to `T1' for symbol font
(Font)              `operators' in the math version `normal' on input line 50.
LaTeX Font Info:    Overwriting symbol font `operators' in version `normal'
(Font)                  OT1/lmr/m/n --> T1/futs/m/n on input line 50.
LaTeX Font Info:    Encoding `OT1' has changed to `T1' for symbol font
(Font)              `operators' in the math version `bold' on input line 50.
LaTeX Font Info:    Overwriting symbol font `operators' in version `bold'
(Font)                  OT1/lmr/bx/n --> T1/futs/m/n on input line 50.
LaTeX Font Info:    Overwriting symbol font `operators' in version `bold'
(Font)                  T1/futs/m/n --> T1/futs/b/n on input line 51.
LaTeX Font Info:    Redeclaring symbol font `letters' on input line 59.
LaTeX Font Info:    Encoding `OML' has changed to `FML' for symbol font
(Font)              `letters' in the math version `normal' on input line 59.
LaTeX Font Info:    Overwriting symbol font `letters' in version `normal'
(Font)                  OML/lmm/m/it --> FML/futmi/m/it on input line 59.
LaTeX Font Info:    Encoding `OML' has changed to `FML' for symbol font
(Font)              `letters' in the math version `bold' on input line 59.
LaTeX Font Info:    Overwriting symbol font `letters' in version `bold'
(Font)                  OML/lmm/b/it --> FML/futmi/m/it on input line 59.
\symotherletters=\mathgroup4
LaTeX Font Info:    Overwriting symbol font `letters' in version `bold'
(Font)                  FML/futmi/m/it --> FML/futmi/b/it on input line 61.
LaTeX Font Info:    Overwriting symbol font `otherletters' in version `bold'
(Font)                  FML/futm/m/it --> FML/futm/b/it on input line 62.
LaTeX Font Info:    Redeclaring math symbol \Gamma on input line 63.
LaTeX Font Info:    Redeclaring math symbol \Delta on input line 64.
LaTeX Font Info:    Redeclaring math symbol \Theta on input line 65.
LaTeX Font Info:    Redeclaring math symbol \Lambda on input line 66.
LaTeX Font Info:    Redeclaring math symbol \Xi on input line 67.
LaTeX Font Info:    Redeclaring math symbol \Pi on input line 68.
LaTeX Font Info:    Redeclaring math symbol \Sigma on input line 69.
LaTeX Font Info:    Redeclaring math symbol \Upsilon on input line 70.
LaTeX Font Info:    Redeclaring math symbol \Phi on input line 71.
LaTeX Font Info:    Redeclaring math symbol \Psi on input line 72.
LaTeX Font Info:    Redeclaring math symbol \Omega on input line 73.
LaTeX Font Info:    Redeclaring symbol font `symbols' on input line 113.
LaTeX Font Info:    Encoding `OMS' has changed to `FMS' for symbol font
(Font)              `symbols' in the math version `normal' on input line 113.
LaTeX Font Info:    Overwriting symbol font `symbols' in version `normal'
(Font)                  OMS/lmsy/m/n --> FMS/futm/m/n on input line 113.
LaTeX Font Info:    Encoding `OMS' has changed to `FMS' for symbol font
(Font)              `symbols' in the math version `bold' on input line 113.
LaTeX Font Info:    Overwriting symbol font `symbols' in version `bold'
(Font)                  OMS/lmsy/b/n --> FMS/futm/m/n on input line 113.
LaTeX Font Info:    Redeclaring symbol font `largesymbols' on input line 114.
LaTeX Font Info:    Encoding `OMX' has changed to `FMX' for symbol font
(Font)              `largesymbols' in the math version `normal' on input line 1
14.
LaTeX Font Info:    Overwriting symbol font `largesymbols' in version `normal'
(Font)                  OMX/lmex/m/n --> FMX/futm/m/n on input line 114.
LaTeX Font Info:    Encoding `OMX' has changed to `FMX' for symbol font
(Font)              `largesymbols' in the math version `bold' on input line 114
.
LaTeX Font Info:    Overwriting symbol font `largesymbols' in version `bold'
(Font)                  OMX/lmex/m/n --> FMX/futm/m/n on input line 114.
LaTeX Font Info:    Redeclaring math alphabet \mathbf on input line 115.
LaTeX Font Info:    Overwriting math alphabet `\mathbf' in version `normal'
(Font)                  OT1/lmr/bx/n --> T1/futs/bx/n on input line 115.
LaTeX Font Info:    Overwriting math alphabet `\mathbf' in version `bold'
(Font)                  OT1/lmr/bx/n --> T1/futs/bx/n on input line 115.
LaTeX Font Info:    Redeclaring math alphabet \mathrm on input line 116.
LaTeX Font Info:    Redeclaring math alphabet \mathit on input line 117.
LaTeX Font Info:    Overwriting math alphabet `\mathit' in version `normal'
(Font)                  OT1/lmr/m/it --> T1/futs/m/it on input line 117.
LaTeX Font Info:    Overwriting math alphabet `\mathit' in version `bold'
(Font)                  OT1/lmr/bx/it --> T1/futs/m/it on input line 117.
LaTeX Font Info:    Redeclaring math alphabet \mathcal on input line 118.
LaTeX Font Info:    Redeclaring math symbol \parallel on input line 134.
LaTeX Font Info:    Redeclaring math symbol \hbar on input line 148.
LaTeX Font Info:    Redeclaring math symbol \varkappa on input line 186.
LaTeX Font Info:    Redeclaring math symbol \varvarrho on input line 187.
LaTeX Font Info:    Redeclaring math delimiter \Vert on input line 210.
LaTeX Font Info:    Redeclaring math delimiter \vert on input line 215.
LaTeX Font Info:    Redeclaring math delimiter \Downarrow on input line 225.
LaTeX Font Info:    Redeclaring math delimiter \backslash on input line 227.
LaTeX Font Info:    Redeclaring math delimiter \rangle on input line 229.
LaTeX Font Info:    Redeclaring math delimiter \langle on input line 231.
LaTeX Font Info:    Redeclaring math delimiter \rbrace on input line 233.
LaTeX Font Info:    Redeclaring math delimiter \lbrace on input line 235.
LaTeX Font Info:    Redeclaring math delimiter \rceil on input line 237.
LaTeX Font Info:    Redeclaring math delimiter \lceil on input line 239.
LaTeX Font Info:    Redeclaring math delimiter \rfloor on input line 241.
LaTeX Font Info:    Redeclaring math delimiter \lfloor on input line 243.
LaTeX Font Info:    Redeclaring math accent \acute on input line 247.
LaTeX Font Info:    Redeclaring math accent \grave on input line 248.
LaTeX Font Info:    Redeclaring math accent \ddot on input line 249.
LaTeX Font Info:    Redeclaring math accent \tilde on input line 250.
LaTeX Font Info:    Redeclaring math accent \bar on input line 251.
LaTeX Font Info:    Redeclaring math accent \breve on input line 252.
LaTeX Font Info:    Redeclaring math accent \check on input line 253.
LaTeX Font Info:    Redeclaring math accent \hat on input line 254.
LaTeX Font Info:    Redeclaring math accent \dot on input line 255.
LaTeX Font Info:    Redeclaring math accent \mathring on input line 256.
\symUfutm=\mathgroup5
)
(/usr/local/texlive/2019/texmf-dist/tex/generic/babel/babel.sty
Package: babel 2019/05/04 3.31 The Babel package

(/usr/local/texlive/2019/texmf-dist/tex/generic/babel/switch.def
File: switch.def 2019/05/04 3.31 Babel switching mechanism
)
(/usr/local/texlive/2019/texmf-dist/tex/generic/babel-english/english.ldf
Language: english 2017/06/06 v3.3r English support from the babel system

(/usr/local/texlive/2019/texmf-dist/tex/generic/babel/babel.def
File: babel.def 2019/05/04 3.31 Babel common definitions
\babel@savecnt=\count94
\U@D=\dimen105

(/usr/local/texlive/2019/texmf-dist/tex/generic/babel/txtbabel.def)
\bbl@dirlevel=\count95
)
\l@canadian = a dialect from \language\l@american 
\l@australian = a dialect from \language\l@british 
\l@newzealand = a dialect from \language\l@british 
))
(/usr/local/texlive/2019/texmf-dist/tex/latex/amsmath/amsmath.sty
Package: amsmath 2018/12/01 v2.17b AMS math features
\@mathmargin=\skip49

For additional information on amsmath, use the `?' option.
(/usr/local/texlive/2019/texmf-dist/tex/latex/amsmath/amstext.sty
Package: amstext 2000/06/29 v2.01 AMS text

(/usr/local/texlive/2019/texmf-dist/tex/latex/amsmath/amsgen.sty
File: amsgen.sty 1999/11/30 v2.0 generic functions
\@emptytoks=\toks15
\ex@=\dimen106
))
(/usr/local/texlive/2019/texmf-dist/tex/latex/amsmath/amsbsy.sty
Package: amsbsy 1999/11/29 v1.2d Bold Symbols
\pmbraise@=\dimen107
)
(/usr/local/texlive/2019/texmf-dist/tex/latex/amsmath/amsopn.sty
Package: amsopn 2016/03/08 v2.02 operator names
)
\inf@bad=\count96
LaTeX Info: Redefining \frac on input line 223.
\uproot@=\count97
\leftroot@=\count98
LaTeX Info: Redefining \overline on input line 385.
\classnum@=\count99
\DOTSCASE@=\count100
LaTeX Info: Redefining \ldots on input line 482.
LaTeX Info: Redefining \dots on input line 485.
LaTeX Info: Redefining \cdots on input line 606.
\Mathstrutbox@=\box31
\strutbox@=\box32
\big@size=\dimen108
LaTeX Font Info:    Redeclaring font encoding OML on input line 729.
LaTeX Font Info:    Redeclaring font encoding OMS on input line 730.
\macc@depth=\count101
\c@MaxMatrixCols=\count102
\dotsspace@=\muskip10
\c@parentequation=\count103
\dspbrk@lvl=\count104
\tag@help=\toks16
\row@=\count105
\column@=\count106
\maxfields@=\count107
\andhelp@=\toks17
\eqnshift@=\dimen109
\alignsep@=\dimen110
\tagshift@=\dimen111
\tagwidth@=\dimen112
\totwidth@=\dimen113
\lineht@=\dimen114
\@envbody=\toks18
\multlinegap=\skip50
\multlinetaggap=\skip51
\mathdisplay@stack=\toks19
LaTeX Info: Redefining \[ on input line 2844.
LaTeX Info: Redefining \] on input line 2845.
)
(/usr/local/texlive/2019/texmf-dist/tex/latex/amsfonts/amsfonts.sty
Package: amsfonts 2013/01/14 v3.01 Basic AMSFonts support
\symAMSa=\mathgroup6
\symAMSb=\mathgroup7
LaTeX Font Info:    Overwriting math alphabet `\mathfrak' in version `bold'
(Font)                  U/euf/m/n --> U/euf/b/n on input line 106.
LaTeX Font Info:    Redeclaring math symbol \square on input line 141.
)
(/usr/local/texlive/2019/texmf-dist/tex/latex/amscls/amsthm.sty
Package: amsthm 2017/10/31 v2.20.4
\thm@style=\toks20
\thm@bodyfont=\toks21
\thm@headfont=\toks22
\thm@notefont=\toks23
\thm@headpunct=\toks24
\thm@preskip=\skip52
\thm@postskip=\skip53
\thm@headsep=\skip54
\dth@everypar=\toks25
)
(/usr/local/texlive/2019/texmf-dist/tex/latex/pgf/frontendlayer/tikz.sty
(/usr/local/texlive/2019/texmf-dist/tex/latex/pgf/basiclayer/pgf.sty
(/usr/local/texlive/2019/texmf-dist/tex/latex/pgf/utilities/pgfrcs.sty
(/usr/local/texlive/2019/texmf-dist/tex/generic/pgf/utilities/pgfutil-common.te
x
\pgfutil@everybye=\toks26
\pgfutil@tempdima=\dimen115
\pgfutil@tempdimb=\dimen116

(/usr/local/texlive/2019/texmf-dist/tex/generic/pgf/utilities/pgfutil-common-li
sts.tex))
(/usr/local/texlive/2019/texmf-dist/tex/generic/pgf/utilities/pgfutil-latex.def
\pgfutil@abb=\box33
(/usr/local/texlive/2019/texmf-dist/tex/latex/ms/everyshi.sty
Package: everyshi 2001/05/15 v3.00 EveryShipout Package (MS)
))
(/usr/local/texlive/2019/texmf-dist/tex/generic/pgf/utilities/pgfrcs.code.tex
(/usr/local/texlive/2019/texmf-dist/tex/generic/pgf/pgf.revision.tex)
Package: pgfrcs 2019/04/04 v3.1.2 (3.1.2)
))
Package: pgf 2019/04/04 v3.1.2 (3.1.2)

(/usr/local/texlive/2019/texmf-dist/tex/latex/pgf/basiclayer/pgfcore.sty
(/usr/local/texlive/2019/texmf-dist/tex/latex/graphics/graphicx.sty
Package: graphicx 2017/06/01 v1.1a Enhanced LaTeX Graphics (DPC,SPQR)

(/usr/local/texlive/2019/texmf-dist/tex/latex/graphics/keyval.sty
Package: keyval 2014/10/28 v1.15 key=value parser (DPC)
\KV@toks@=\toks27
)
(/usr/local/texlive/2019/texmf-dist/tex/latex/graphics/graphics.sty
Package: graphics 2017/06/25 v1.2c Standard LaTeX Graphics (DPC,SPQR)

(/usr/local/texlive/2019/texmf-dist/tex/latex/graphics/trig.sty
Package: trig 2016/01/03 v1.10 sin cos tan (DPC)
)
(/usr/local/texlive/2019/texmf-dist/tex/latex/graphics-cfg/graphics.cfg
File: graphics.cfg 2016/06/04 v1.11 sample graphics configuration
)
Package graphics Info: Driver file: pdftex.def on input line 99.

(/usr/local/texlive/2019/texmf-dist/tex/latex/graphics-def/pdftex.def
File: pdftex.def 2018/01/08 v1.0l Graphics/color driver for pdftex
))
\Gin@req@height=\dimen117
\Gin@req@width=\dimen118
)
(/usr/local/texlive/2019/texmf-dist/tex/latex/pgf/systemlayer/pgfsys.sty
(/usr/local/texlive/2019/texmf-dist/tex/generic/pgf/systemlayer/pgfsys.code.tex
Package: pgfsys 2019/04/04 v3.1.2 (3.1.2)
(/usr/local/texlive/2019/texmf-dist/tex/generic/pgf/utilities/pgfkeys.code.tex
\pgfkeys@pathtoks=\toks28
\pgfkeys@temptoks=\toks29

(/usr/local/texlive/2019/texmf-dist/tex/generic/pgf/utilities/pgfkeysfiltered.c
ode.tex
\pgfkeys@tmptoks=\toks30
))
\pgf@x=\dimen119
\pgf@y=\dimen120
\pgf@xa=\dimen121
\pgf@ya=\dimen122
\pgf@xb=\dimen123
\pgf@yb=\dimen124
\pgf@xc=\dimen125
\pgf@yc=\dimen126
\w@pgf@writea=\write3
\r@pgf@reada=\read1
\c@pgf@counta=\count108
\c@pgf@countb=\count109
\c@pgf@countc=\count110
\c@pgf@countd=\count111
\t@pgf@toka=\toks31
\t@pgf@tokb=\toks32
\t@pgf@tokc=\toks33
\pgf@sys@id@count=\count112

(/usr/local/texlive/2019/texmf-dist/tex/generic/pgf/systemlayer/pgf.cfg
File: pgf.cfg 2019/04/04 v3.1.2 (3.1.2)
)
Driver file for pgf: pgfsys-pdftex.def

(/usr/local/texlive/2019/texmf-dist/tex/generic/pgf/systemlayer/pgfsys-pdftex.d
ef
File: pgfsys-pdftex.def 2019/04/04 v3.1.2 (3.1.2)

(/usr/local/texlive/2019/texmf-dist/tex/generic/pgf/systemlayer/pgfsys-common-p
df.def
File: pgfsys-common-pdf.def 2019/04/04 v3.1.2 (3.1.2)
)))
(/usr/local/texlive/2019/texmf-dist/tex/generic/pgf/systemlayer/pgfsyssoftpath.
code.tex
File: pgfsyssoftpath.code.tex 2019/04/04 v3.1.2 (3.1.2)
\pgfsyssoftpath@smallbuffer@items=\count113
\pgfsyssoftpath@bigbuffer@items=\count114
)
(/usr/local/texlive/2019/texmf-dist/tex/generic/pgf/systemlayer/pgfsysprotocol.
code.tex
File: pgfsysprotocol.code.tex 2019/04/04 v3.1.2 (3.1.2)
)) (/usr/local/texlive/2019/texmf-dist/tex/latex/xcolor/xcolor.sty
Package: xcolor 2016/05/11 v2.12 LaTeX color extensions (UK)

(/usr/local/texlive/2019/texmf-dist/tex/latex/graphics-cfg/color.cfg
File: color.cfg 2016/01/02 v1.6 sample color configuration
)
Package xcolor Info: Driver file: pdftex.def on input line 225.
Package xcolor Info: Model `cmy' substituted by `cmy0' on input line 1348.
Package xcolor Info: Model `hsb' substituted by `rgb' on input line 1352.
Package xcolor Info: Model `RGB' extended on input line 1364.
Package xcolor Info: Model `HTML' substituted by `rgb' on input line 1366.
Package xcolor Info: Model `Hsb' substituted by `hsb' on input line 1367.
Package xcolor Info: Model `tHsb' substituted by `hsb' on input line 1368.
Package xcolor Info: Model `HSB' substituted by `hsb' on input line 1369.
Package xcolor Info: Model `Gray' substituted by `gray' on input line 1370.
Package xcolor Info: Model `wave' substituted by `hsb' on input line 1371.
)
(/usr/local/texlive/2019/texmf-dist/tex/generic/pgf/basiclayer/pgfcore.code.tex
Package: pgfcore 2019/04/04 v3.1.2 (3.1.2)
(/usr/local/texlive/2019/texmf-dist/tex/generic/pgf/math/pgfmath.code.tex
(/usr/local/texlive/2019/texmf-dist/tex/generic/pgf/math/pgfmathcalc.code.tex
(/usr/local/texlive/2019/texmf-dist/tex/generic/pgf/math/pgfmathutil.code.tex)
(/usr/local/texlive/2019/texmf-dist/tex/generic/pgf/math/pgfmathparser.code.tex
\pgfmath@dimen=\dimen127
\pgfmath@count=\count115
\pgfmath@box=\box34
\pgfmath@toks=\toks34
\pgfmath@stack@operand=\toks35
\pgfmath@stack@operation=\toks36
)
(/usr/local/texlive/2019/texmf-dist/tex/generic/pgf/math/pgfmathfunctions.code.
tex
(/usr/local/texlive/2019/texmf-dist/tex/generic/pgf/math/pgfmathfunctions.basic
.code.tex)
(/usr/local/texlive/2019/texmf-dist/tex/generic/pgf/math/pgfmathfunctions.trigo
nometric.code.tex)
(/usr/local/texlive/2019/texmf-dist/tex/generic/pgf/math/pgfmathfunctions.rando
m.code.tex)
(/usr/local/texlive/2019/texmf-dist/tex/generic/pgf/math/pgfmathfunctions.compa
rison.code.tex)
(/usr/local/texlive/2019/texmf-dist/tex/generic/pgf/math/pgfmathfunctions.base.
code.tex)
(/usr/local/texlive/2019/texmf-dist/tex/generic/pgf/math/pgfmathfunctions.round
.code.tex)
(/usr/local/texlive/2019/texmf-dist/tex/generic/pgf/math/pgfmathfunctions.misc.
code.tex)
(/usr/local/texlive/2019/texmf-dist/tex/generic/pgf/math/pgfmathfunctions.integ
erarithmetics.code.tex)))
(/usr/local/texlive/2019/texmf-dist/tex/generic/pgf/math/pgfmathfloat.code.tex
\c@pgfmathroundto@lastzeros=\count116
))
(/usr/local/texlive/2019/texmf-dist/tex/generic/pgf/basiclayer/pgfcorepoints.co
de.tex
File: pgfcorepoints.code.tex 2019/04/04 v3.1.2 (3.1.2)
\pgf@picminx=\dimen128
\pgf@picmaxx=\dimen129
\pgf@picminy=\dimen130
\pgf@picmaxy=\dimen131
\pgf@pathminx=\dimen132
\pgf@pathmaxx=\dimen133
\pgf@pathminy=\dimen134
\pgf@pathmaxy=\dimen135
\pgf@xx=\dimen136
\pgf@xy=\dimen137
\pgf@yx=\dimen138
\pgf@yy=\dimen139
\pgf@zx=\dimen140
\pgf@zy=\dimen141
)
(/usr/local/texlive/2019/texmf-dist/tex/generic/pgf/basiclayer/pgfcorepathconst
ruct.code.tex
File: pgfcorepathconstruct.code.tex 2019/04/04 v3.1.2 (3.1.2)
\pgf@path@lastx=\dimen142
\pgf@path@lasty=\dimen143
)
(/usr/local/texlive/2019/texmf-dist/tex/generic/pgf/basiclayer/pgfcorepathusage
.code.tex
File: pgfcorepathusage.code.tex 2019/04/04 v3.1.2 (3.1.2)
\pgf@shorten@end@additional=\dimen144
\pgf@shorten@start@additional=\dimen145
)
(/usr/local/texlive/2019/texmf-dist/tex/generic/pgf/basiclayer/pgfcorescopes.co
de.tex
File: pgfcorescopes.code.tex 2019/04/04 v3.1.2 (3.1.2)
\pgfpic=\box35
\pgf@hbox=\box36
\pgf@layerbox@main=\box37
\pgf@picture@serial@count=\count117
)
(/usr/local/texlive/2019/texmf-dist/tex/generic/pgf/basiclayer/pgfcoregraphicst
ate.code.tex
File: pgfcoregraphicstate.code.tex 2019/04/04 v3.1.2 (3.1.2)
\pgflinewidth=\dimen146
)
(/usr/local/texlive/2019/texmf-dist/tex/generic/pgf/basiclayer/pgfcoretransform
ations.code.tex
File: pgfcoretransformations.code.tex 2019/04/04 v3.1.2 (3.1.2)
\pgf@pt@x=\dimen147
\pgf@pt@y=\dimen148
\pgf@pt@temp=\dimen149
)
(/usr/local/texlive/2019/texmf-dist/tex/generic/pgf/basiclayer/pgfcorequick.cod
e.tex
File: pgfcorequick.code.tex 2019/04/04 v3.1.2 (3.1.2)
)
(/usr/local/texlive/2019/texmf-dist/tex/generic/pgf/basiclayer/pgfcoreobjects.c
ode.tex
File: pgfcoreobjects.code.tex 2019/04/04 v3.1.2 (3.1.2)
)
(/usr/local/texlive/2019/texmf-dist/tex/generic/pgf/basiclayer/pgfcorepathproce
ssing.code.tex
File: pgfcorepathprocessing.code.tex 2019/04/04 v3.1.2 (3.1.2)
)
(/usr/local/texlive/2019/texmf-dist/tex/generic/pgf/basiclayer/pgfcorearrows.co
de.tex
File: pgfcorearrows.code.tex 2019/04/04 v3.1.2 (3.1.2)
\pgfarrowsep=\dimen150
)
(/usr/local/texlive/2019/texmf-dist/tex/generic/pgf/basiclayer/pgfcoreshade.cod
e.tex
File: pgfcoreshade.code.tex 2019/04/04 v3.1.2 (3.1.2)
\pgf@max=\dimen151
\pgf@sys@shading@range@num=\count118
\pgf@shadingcount=\count119
)
(/usr/local/texlive/2019/texmf-dist/tex/generic/pgf/basiclayer/pgfcoreimage.cod
e.tex
File: pgfcoreimage.code.tex 2019/04/04 v3.1.2 (3.1.2)

(/usr/local/texlive/2019/texmf-dist/tex/generic/pgf/basiclayer/pgfcoreexternal.
code.tex
File: pgfcoreexternal.code.tex 2019/04/04 v3.1.2 (3.1.2)
\pgfexternal@startupbox=\box38
))
(/usr/local/texlive/2019/texmf-dist/tex/generic/pgf/basiclayer/pgfcorelayers.co
de.tex
File: pgfcorelayers.code.tex 2019/04/04 v3.1.2 (3.1.2)
)
(/usr/local/texlive/2019/texmf-dist/tex/generic/pgf/basiclayer/pgfcoretranspare
ncy.code.tex
File: pgfcoretransparency.code.tex 2019/04/04 v3.1.2 (3.1.2)
)
(/usr/local/texlive/2019/texmf-dist/tex/generic/pgf/basiclayer/pgfcorepatterns.
code.tex
File: pgfcorepatterns.code.tex 2019/04/04 v3.1.2 (3.1.2)
)
(/usr/local/texlive/2019/texmf-dist/tex/generic/pgf/basiclayer/pgfcorerdf.code.
tex
File: pgfcorerdf.code.tex 2019/04/04 v3.1.2 (3.1.2)
)))
(/usr/local/texlive/2019/texmf-dist/tex/generic/pgf/modules/pgfmoduleshapes.cod
e.tex
File: pgfmoduleshapes.code.tex 2019/04/04 v3.1.2 (3.1.2)
\pgfnodeparttextbox=\box39
)
(/usr/local/texlive/2019/texmf-dist/tex/generic/pgf/modules/pgfmoduleplot.code.
tex
File: pgfmoduleplot.code.tex 2019/04/04 v3.1.2 (3.1.2)
)
(/usr/local/texlive/2019/texmf-dist/tex/latex/pgf/compatibility/pgfcomp-version
-0-65.sty
Package: pgfcomp-version-0-65 2019/04/04 v3.1.2 (3.1.2)
\pgf@nodesepstart=\dimen152
\pgf@nodesepend=\dimen153
)
(/usr/local/texlive/2019/texmf-dist/tex/latex/pgf/compatibility/pgfcomp-version
-1-18.sty
Package: pgfcomp-version-1-18 2019/04/04 v3.1.2 (3.1.2)
))
(/usr/local/texlive/2019/texmf-dist/tex/latex/pgf/utilities/pgffor.sty
(/usr/local/texlive/2019/texmf-dist/tex/latex/pgf/utilities/pgfkeys.sty
(/usr/local/texlive/2019/texmf-dist/tex/generic/pgf/utilities/pgfkeys.code.tex)
) (/usr/local/texlive/2019/texmf-dist/tex/latex/pgf/math/pgfmath.sty
(/usr/local/texlive/2019/texmf-dist/tex/generic/pgf/math/pgfmath.code.tex))
(/usr/local/texlive/2019/texmf-dist/tex/generic/pgf/utilities/pgffor.code.tex
Package: pgffor 2019/04/04 v3.1.2 (3.1.2)

(/usr/local/texlive/2019/texmf-dist/tex/generic/pgf/math/pgfmath.code.tex)
\pgffor@iter=\dimen154
\pgffor@skip=\dimen155
\pgffor@stack=\toks37
\pgffor@toks=\toks38
))
(/usr/local/texlive/2019/texmf-dist/tex/generic/pgf/frontendlayer/tikz/tikz.cod
e.tex
Package: tikz 2019/04/04 v3.1.2 (3.1.2)

(/usr/local/texlive/2019/texmf-dist/tex/generic/pgf/libraries/pgflibraryplothan
dlers.code.tex
File: pgflibraryplothandlers.code.tex 2019/04/04 v3.1.2 (3.1.2)
\pgf@plot@mark@count=\count120
\pgfplotmarksize=\dimen156
)
\tikz@lastx=\dimen157
\tikz@lasty=\dimen158
\tikz@lastxsaved=\dimen159
\tikz@lastysaved=\dimen160
\tikzleveldistance=\dimen161
\tikzsiblingdistance=\dimen162
\tikz@figbox=\box40
\tikz@figbox@bg=\box41
\tikz@tempbox=\box42
\tikz@tempbox@bg=\box43
\tikztreelevel=\count121
\tikznumberofchildren=\count122
\tikznumberofcurrentchild=\count123
\tikz@fig@count=\count124

(/usr/local/texlive/2019/texmf-dist/tex/generic/pgf/modules/pgfmodulematrix.cod
e.tex
File: pgfmodulematrix.code.tex 2019/04/04 v3.1.2 (3.1.2)
\pgfmatrixcurrentrow=\count125
\pgfmatrixcurrentcolumn=\count126
\pgf@matrix@numberofcolumns=\count127
)
\tikz@expandcount=\count128

(/usr/local/texlive/2019/texmf-dist/tex/generic/pgf/frontendlayer/tikz/librarie
s/tikzlibrarytopaths.code.tex
File: tikzlibrarytopaths.code.tex 2019/04/04 v3.1.2 (3.1.2)
)))
(/usr/local/texlive/2019/texmf-dist/tex/latex/tools/multicol.sty
Package: multicol 2018/12/27 v1.8v multicolumn formatting (FMi)
\c@tracingmulticols=\count129
\mult@box=\box44
\multicol@leftmargin=\dimen163
\c@unbalance=\count130
\c@collectmore=\count131
\doublecol@number=\count132
\multicoltolerance=\count133
\multicolpretolerance=\count134
\full@width=\dimen164
\page@free=\dimen165
\premulticols=\dimen166
\postmulticols=\dimen167
\multicolsep=\skip55
\multicolbaselineskip=\skip56
\partial@page=\box45
\last@line=\box46
\maxbalancingoverflow=\dimen168
\mult@rightbox=\box47
\mult@grightbox=\box48
\mult@gfirstbox=\box49
\mult@firstbox=\box50
\@tempa=\box51
\@tempa=\box52
\@tempa=\box53
\@tempa=\box54
\@tempa=\box55
\@tempa=\box56
\@tempa=\box57
\@tempa=\box58
\@tempa=\box59
\@tempa=\box60
\@tempa=\box61
\@tempa=\box62
\@tempa=\box63
\@tempa=\box64
\@tempa=\box65
\@tempa=\box66
\@tempa=\box67
\c@columnbadness=\count135
\c@finalcolumnbadness=\count136
\last@try=\dimen169
\multicolovershoot=\dimen170
\multicolundershoot=\dimen171
\mult@nat@firstbox=\box68
\colbreak@box=\box69
\mc@col@check@num=\count137
)
(/usr/local/texlive/2019/texmf-dist/tex/latex/lipsum/lipsum.sty
(/usr/local/texlive/2019/texmf-dist/tex/latex/l3kernel/expl3.sty
Package: expl3 2019-05-07 L3 programming layer (loader) 

(/usr/local/texlive/2019/texmf-dist/tex/latex/l3kernel/expl3-code.tex
Package: expl3 2019-05-07 L3 programming layer (code)
\c_max_int=\count138
\l_tmpa_int=\count139
\l_tmpb_int=\count140
\g_tmpa_int=\count141
\g_tmpb_int=\count142
\g__kernel_prg_map_int=\count143
\c__ior_term_ior=\count144
\c_log_iow=\count145
\l_iow_line_count_int=\count146
\l__iow_line_target_int=\count147
\l__iow_one_indent_int=\count148
\l__iow_indent_int=\count149
\c_zero_dim=\dimen172
\c_max_dim=\dimen173
\l_tmpa_dim=\dimen174
\l_tmpb_dim=\dimen175
\g_tmpa_dim=\dimen176
\g_tmpb_dim=\dimen177
\c_zero_skip=\skip57
\c_max_skip=\skip58
\l_tmpa_skip=\skip59
\l_tmpb_skip=\skip60
\g_tmpa_skip=\skip61
\g_tmpb_skip=\skip62
\c_zero_muskip=\muskip11
\c_max_muskip=\muskip12
\l_tmpa_muskip=\muskip13
\l_tmpb_muskip=\muskip14
\g_tmpa_muskip=\muskip15
\g_tmpb_muskip=\muskip16
\l_keys_choice_int=\count150
\l__intarray_loop_int=\count151
\c__intarray_sp_dim=\dimen178
\g__intarray_font_int=\count152
\c__fp_leading_shift_int=\count153
\c__fp_middle_shift_int=\count154
\c__fp_trailing_shift_int=\count155
\c__fp_big_leading_shift_int=\count156
\c__fp_big_middle_shift_int=\count157
\c__fp_big_trailing_shift_int=\count158
\c__fp_Bigg_leading_shift_int=\count159
\c__fp_Bigg_middle_shift_int=\count160
\c__fp_Bigg_trailing_shift_int=\count161
\c__kernel_randint_max_int=\count162
\g__fp_array_int=\count163
\l__fp_array_loop_int=\count164
\l__sort_length_int=\count165
\l__sort_min_int=\count166
\l__sort_top_int=\count167
\l__sort_max_int=\count168
\l__sort_true_max_int=\count169
\l__sort_block_int=\count170
\l__sort_begin_int=\count171
\l__sort_end_int=\count172
\l__sort_A_int=\count173
\l__sort_B_int=\count174
\l__sort_C_int=\count175
\l__tl_analysis_normal_int=\count176
\l__tl_analysis_index_int=\count177
\l__tl_analysis_nesting_int=\count178
\l__tl_analysis_type_int=\count179
\l__regex_internal_a_int=\count180
\l__regex_internal_b_int=\count181
\l__regex_internal_c_int=\count182
\l__regex_balance_int=\count183
\l__regex_group_level_int=\count184
\l__regex_mode_int=\count185
\c__regex_cs_in_class_mode_int=\count186
\c__regex_cs_mode_int=\count187
\l__regex_catcodes_int=\count188
\l__regex_default_catcodes_int=\count189
\c__regex_catcode_D_int=\count190
\c__regex_catcode_S_int=\count191
\c__regex_catcode_L_int=\count192
\c__regex_catcode_O_int=\count193
\c__regex_catcode_A_int=\count194
\c__regex_all_catcodes_int=\count195
\l__regex_show_lines_int=\count196
\l__regex_min_state_int=\count197
\l__regex_max_state_int=\count198
\l__regex_left_state_int=\count199
\l__regex_right_state_int=\count266
\l__regex_capturing_group_int=\count267
\l__regex_min_pos_int=\count268
\l__regex_max_pos_int=\count269
\l__regex_curr_pos_int=\count270
\l__regex_start_pos_int=\count271
\l__regex_success_pos_int=\count272
\l__regex_curr_char_int=\count273
\l__regex_curr_catcode_int=\count274
\l__regex_last_char_int=\count275
\l__regex_case_changed_char_int=\count276
\l__regex_curr_state_int=\count277
\l__regex_step_int=\count278
\l__regex_min_active_int=\count279
\l__regex_max_active_int=\count280
\l__regex_replacement_csnames_int=\count281
\l__regex_match_count_int=\count282
\l__regex_min_submatch_int=\count283
\l__regex_submatch_int=\count284
\l__regex_zeroth_submatch_int=\count285
\g__regex_trace_regex_int=\count286
\c_empty_box=\box70
\l_tmpa_box=\box71
\l_tmpb_box=\box72
\g_tmpa_box=\box73
\g_tmpb_box=\box74
\l__box_top_dim=\dimen179
\l__box_bottom_dim=\dimen180
\l__box_left_dim=\dimen181
\l__box_right_dim=\dimen182
\l__box_top_new_dim=\dimen183
\l__box_bottom_new_dim=\dimen184
\l__box_left_new_dim=\dimen185
\l__box_right_new_dim=\dimen186
\l__box_internal_box=\box75
\l__coffin_internal_box=\box76
\l__coffin_internal_dim=\dimen187
\l__coffin_offset_x_dim=\dimen188
\l__coffin_offset_y_dim=\dimen189
\l__coffin_x_dim=\dimen190
\l__coffin_y_dim=\dimen191
\l__coffin_x_prime_dim=\dimen192
\l__coffin_y_prime_dim=\dimen193
\c_empty_coffin=\box77
\l__coffin_aligned_coffin=\box78
\l__coffin_aligned_internal_coffin=\box79
\l_tmpa_coffin=\box80
\l_tmpb_coffin=\box81
\g_tmpa_coffin=\box82
\g_tmpb_coffin=\box83
\l__coffin_bounding_shift_dim=\dimen194
\l__coffin_left_corner_dim=\dimen195
\l__coffin_right_corner_dim=\dimen196
\l__coffin_bottom_corner_dim=\dimen197
\l__coffin_top_corner_dim=\dimen198
\l__coffin_scaled_total_height_dim=\dimen199
\l__coffin_scaled_width_dim=\dimen256
\c__coffin_empty_coffin=\box84
\l__coffin_display_coffin=\box85
\l__coffin_display_coord_coffin=\box86
\l__coffin_display_pole_coffin=\box87
\l__coffin_display_offset_dim=\dimen257
\l__coffin_display_x_dim=\dimen258
\l__coffin_display_y_dim=\dimen259
\g__file_internal_ior=\read2
\l__seq_internal_a_int=\count287
\l__seq_internal_b_int=\count288
\c__deprecation_minus_one=\count289
)
(/usr/local/texlive/2019/texmf-dist/tex/latex/l3kernel/l3pdfmode.def
File: l3pdfmode.def 2019-04-06 v L3 Experimental driver: PDF mode
\l__driver_color_stack_int=\count290
\l__driver_pdf_tmp_box=\box88
))
(/usr/local/texlive/2019/texmf-dist/tex/latex/l3packages/xparse/xparse.sty
Package: xparse 2019-05-03 L3 Experimental document command parser
\l__xparse_current_arg_int=\count291
\g__xparse_grabber_int=\count292
\l__xparse_m_args_int=\count293
\l__xparse_v_nesting_int=\count294
)
Package: lipsum 2019/01/02 v2.2 150 paragraphs of Lorem Ipsum dummy text

(/usr/local/texlive/2019/texmf-dist/tex/latex/lipsum/lipsum.ltd.tex
File: lipsum.ltd.tex 2019/01/02 v2.2 The Lorem ipsum dummy text
))
(/usr/local/texlive/2019/texmf-dist/tex/latex/subfigure/subfigure.sty
Package: subfigure 2002/03/15 v2.1.5 subfigure package
\subfigtopskip=\skip63
\subfigcapskip=\skip64
\subfigcaptopadj=\dimen260
\subfigbottomskip=\skip65
\subfigcapmargin=\dimen261
\subfiglabelskip=\skip66
\c@subfigure=\count295
\c@lofdepth=\count296
\c@subtable=\count297
\c@lotdepth=\count298

****************************************
* Local config file subfigure.cfg used *
****************************************
(/usr/local/texlive/2019/texmf-dist/tex/latex/subfigure/subfigure.cfg)
\subfig@top=\skip67
\subfig@bottom=\skip68
)
(/usr/local/texlive/2019/texmf-dist/tex/latex/here/here.sty)
(/usr/local/texlive/2019/texmf-dist/tex/latex/float/float.sty
Package: float 2001/11/08 v1.3d Float enhancements (AL)
\c@float@type=\count299
\float@exts=\toks39
\float@box=\box89
\@float@everytoks=\toks40
\@floatcapt=\box90
)
(/usr/local/texlive/2019/texmf-dist/tex/latex/setspace/setspace.sty
Package: setspace 2011/12/19 v6.7a set line spacing
)
(/usr/local/texlive/2019/texmf-dist/tex/latex/amsfonts/amssymb.sty
Package: amssymb 2013/01/14 v3.01 AMS font symbols
LaTeX Font Info:    Redeclaring math symbol \blacksquare on input line 48.
LaTeX Font Info:    Redeclaring math symbol \vDash on input line 60.
LaTeX Font Info:    Redeclaring math symbol \leftleftarrows on input line 63.
LaTeX Font Info:    Redeclaring math symbol \rightrightarrows on input line 64.

LaTeX Font Info:    Redeclaring math symbol \leqslant on input line 101.
LaTeX Font Info:    Redeclaring math symbol \geqslant on input line 108.
LaTeX Font Info:    Redeclaring math symbol \blacktriangleright on input line 1
20.
LaTeX Font Info:    Redeclaring math symbol \blacktriangleleft on input line 12
1.
LaTeX Font Info:    Redeclaring math symbol \complement on input line 165.
LaTeX Font Info:    Redeclaring math symbol \intercal on input line 166.
LaTeX Font Info:    Redeclaring math symbol \nleqslant on input line 181.
LaTeX Font Info:    Redeclaring math symbol \ngeqslant on input line 182.
LaTeX Font Info:    Redeclaring math symbol \varsubsetneq on input line 203.
LaTeX Font Info:    Redeclaring math symbol \subsetneqq on input line 207.
LaTeX Font Info:    Redeclaring math symbol \nparallel on input line 215.
LaTeX Font Info:    Redeclaring math symbol \nvDash on input line 221.
LaTeX Font Info:    Redeclaring math symbol \nexists on input line 235.
LaTeX Font Info:    Redeclaring math symbol \smallsetminus on input line 251.
LaTeX Font Info:    Redeclaring math symbol \curvearrowleft on input line 257.
LaTeX Font Info:    Redeclaring math symbol \curvearrowright on input line 258.

LaTeX Font Info:    Redeclaring math symbol \varkappa on input line 260.
LaTeX Font Info:    Redeclaring math symbol \hslash on input line 262.
)
(/usr/local/texlive/2019/texmf-dist/tex/latex/wasysym/wasysym.sty
Package: wasysym 2003/10/30 v2.0 Wasy-2 symbol support package
\symwasy=\mathgroup8
LaTeX Font Info:    Overwriting symbol font `wasy' in version `bold'
(Font)                  U/wasy/m/n --> U/wasy/b/n on input line 90.
)
(/usr/local/texlive/2019/texmf-dist/tex/latex/caption/caption.sty
Package: caption 2018/10/06 v3.3-154 Customizing captions (AR)

(/usr/local/texlive/2019/texmf-dist/tex/latex/caption/caption3.sty
Package: caption3 2018/09/12 v1.8c caption3 kernel (AR)
Package caption3 Info: TeX engine: e-TeX on input line 64.
\captionmargin=\dimen262
\captionmargin@=\dimen263
\captionwidth=\dimen264
\caption@tempdima=\dimen265
\caption@indent=\dimen266
\caption@parindent=\dimen267
\caption@hangindent=\dimen268
)
\c@caption@flags=\count300
\c@ContinuedFloat=\count301
Package caption Info: float package is loaded.
Package caption Info: longtable package is loaded.

(/usr/local/texlive/2019/texmf-dist/tex/latex/caption/ltcaption.sty
Package: ltcaption 2018/08/26 v1.4-95 longtable captions (AR)
)
Package caption Info: subfigure package is loaded.
)
(/usr/local/texlive/2019/texmf-dist/tex/latex/hyperref/hyperref.sty
Package: hyperref 2018/11/30 v6.88e Hypertext links for LaTeX

(/usr/local/texlive/2019/texmf-dist/tex/generic/oberdiek/hobsub-hyperref.sty
Package: hobsub-hyperref 2016/05/16 v1.14 Bundle oberdiek, subset hyperref (HO)


(/usr/local/texlive/2019/texmf-dist/tex/generic/oberdiek/hobsub-generic.sty
Package: hobsub-generic 2016/05/16 v1.14 Bundle oberdiek, subset generic (HO)
Package: hobsub 2016/05/16 v1.14 Construct package bundles (HO)
Package: infwarerr 2016/05/16 v1.4 Providing info/warning/error messages (HO)
Package: ltxcmds 2016/05/16 v1.23 LaTeX kernel commands for general use (HO)
Package: ifluatex 2016/05/16 v1.4 Provides the ifluatex switch (HO)
Package ifluatex Info: LuaTeX not detected.
Package: ifvtex 2016/05/16 v1.6 Detect VTeX and its facilities (HO)
Package ifvtex Info: VTeX not detected.
Package: intcalc 2016/05/16 v1.2 Expandable calculations with integers (HO)
Package: ifpdf 2018/09/07 v3.3 Provides the ifpdf switch
Package: etexcmds 2016/05/16 v1.6 Avoid name clashes with e-TeX commands (HO)
Package: kvsetkeys 2016/05/16 v1.17 Key value parser (HO)
Package: kvdefinekeys 2016/05/16 v1.4 Define keys (HO)
Package: pdftexcmds 2018/09/10 v0.29 Utility functions of pdfTeX for LuaTeX (HO
)
Package pdftexcmds Info: LuaTeX not detected.
Package pdftexcmds Info: \pdf@primitive is available.
Package pdftexcmds Info: \pdf@ifprimitive is available.
Package pdftexcmds Info: \pdfdraftmode found.
Package: pdfescape 2016/05/16 v1.14 Implements pdfTeX's escape features (HO)
Package: bigintcalc 2016/05/16 v1.4 Expandable calculations on big integers (HO
)
Package: bitset 2016/05/16 v1.2 Handle bit-vector datatype (HO)
Package: uniquecounter 2016/05/16 v1.3 Provide unlimited unique counter (HO)
)
Package hobsub Info: Skipping package `hobsub' (already loaded).
Package: letltxmacro 2016/05/16 v1.5 Let assignment for LaTeX macros (HO)
Package: hopatch 2016/05/16 v1.3 Wrapper for package hooks (HO)
Package: xcolor-patch 2016/05/16 xcolor patch
Package: atveryend 2016/05/16 v1.9 Hooks at the very end of document (HO)
Package atveryend Info: \enddocument detected (standard20110627).
Package: atbegshi 2016/06/09 v1.18 At begin shipout hook (HO)
Package: refcount 2016/05/16 v3.5 Data extraction from label references (HO)
Package: hycolor 2016/05/16 v1.8 Color options for hyperref/bookmark (HO)
)
(/usr/local/texlive/2019/texmf-dist/tex/generic/ifxetex/ifxetex.sty
Package: ifxetex 2010/09/12 v0.6 Provides ifxetex conditional
)
(/usr/local/texlive/2019/texmf-dist/tex/latex/oberdiek/auxhook.sty
Package: auxhook 2016/05/16 v1.4 Hooks for auxiliary files (HO)
)
(/usr/local/texlive/2019/texmf-dist/tex/latex/oberdiek/kvoptions.sty
Package: kvoptions 2016/05/16 v3.12 Key value format for package options (HO)
)
\@linkdim=\dimen269
\Hy@linkcounter=\count302
\Hy@pagecounter=\count303

(/usr/local/texlive/2019/texmf-dist/tex/latex/hyperref/pd1enc.def
File: pd1enc.def 2018/11/30 v6.88e Hyperref: PDFDocEncoding definition (HO)
Now handling font encoding PD1 ...
... no UTF-8 mapping file for font encoding PD1
)
\Hy@SavedSpaceFactor=\count304

(/usr/local/texlive/2019/texmf-dist/tex/latex/latexconfig/hyperref.cfg
File: hyperref.cfg 2002/06/06 v1.2 hyperref configuration of TeXLive
)
Package hyperref Info: Hyper figures OFF on input line 4519.
Package hyperref Info: Link nesting OFF on input line 4524.
Package hyperref Info: Hyper index ON on input line 4527.
Package hyperref Info: Plain pages OFF on input line 4534.
Package hyperref Info: Backreferencing OFF on input line 4539.
Package hyperref Info: Implicit mode ON; LaTeX internals redefined.
Package hyperref Info: Bookmarks ON on input line 4772.
\c@Hy@tempcnt=\count305

(/usr/local/texlive/2019/texmf-dist/tex/latex/url/url.sty
\Urlmuskip=\muskip17
Package: url 2013/09/16  ver 3.4  Verb mode for urls, etc.
)
LaTeX Info: Redefining \url on input line 5125.
\XeTeXLinkMargin=\dimen270
\Fld@menulength=\count306
\Field@Width=\dimen271
\Fld@charsize=\dimen272
Package hyperref Info: Hyper figures OFF on input line 6380.
Package hyperref Info: Link nesting OFF on input line 6385.
Package hyperref Info: Hyper index ON on input line 6388.
Package hyperref Info: backreferencing OFF on input line 6395.
Package hyperref Info: Link coloring OFF on input line 6400.
Package hyperref Info: Link coloring with OCG OFF on input line 6405.
Package hyperref Info: PDF/A mode OFF on input line 6410.
LaTeX Info: Redefining \ref on input line 6450.
LaTeX Info: Redefining \pageref on input line 6454.
\Hy@abspage=\count307
\c@Item=\count308
\c@Hfootnote=\count309
)
Package hyperref Info: Driver (autodetected): hpdftex.

(/usr/local/texlive/2019/texmf-dist/tex/latex/hyperref/hpdftex.def
File: hpdftex.def 2018/11/30 v6.88e Hyperref driver for pdfTeX
\Fld@listcount=\count310
\c@bookmark@seq@number=\count311

(/usr/local/texlive/2019/texmf-dist/tex/latex/oberdiek/rerunfilecheck.sty
Package: rerunfilecheck 2016/05/16 v1.8 Rerun checks for auxiliary files (HO)
Package uniquecounter Info: New unique counter `rerunfilecheck' on input line 2
82.
)
\Hy@SectionHShift=\skip69
)
(/usr/local/texlive/2019/texmf-dist/tex/latex/multirow/multirow.sty
Package: multirow 2019/01/01 v2.4 Span multiple rows of a table
\multirow@colwidth=\skip70
\multirow@cntb=\count312
\multirow@dima=\skip71
\bigstrutjot=\dimen273
)
(/usr/local/texlive/2019/texmf-dist/tex/latex/tools/array.sty
Package: array 2018/12/30 v2.4k Tabular extension package (FMi)
\col@sep=\dimen274
\ar@mcellbox=\box91
\extrarowheight=\dimen275
\NC@list=\toks41
\extratabsurround=\skip72
\backup@length=\skip73
\ar@cellbox=\box92
)
Package hyperref Info: Option `colorlinks' set `true' on input line 35.
\c@proposition=\count313
\c@mydef=\count314
\c@lemma=\count315
\c@thm=\count316
\c@corollary=\count317
\c@ass=\count318
\c@nota=\count319

(/usr/local/texlive/2019/texmf-dist/tex/latex/preprint/fullpage.sty
Package: fullpage 1999/02/23 1.1 (PWD)
\FP@margin=\skip74
)
(/usr/local/texlive/2019/texmf-dist/tex/generic/pgf/frontendlayer/tikz/librarie
s/tikzlibrarysnakes.code.tex
File: tikzlibrarysnakes.code.tex 2019/04/04 v3.1.2 (3.1.2)


Package pgf Warning: Snakes have been superseded by decorations. Please use the
 decoration libraries instead of the snakes library on input line 14.


(/usr/local/texlive/2019/texmf-dist/tex/generic/pgf/frontendlayer/tikz/librarie
s/tikzlibrarydecorations.pathmorphing.code.tex
(/usr/local/texlive/2019/texmf-dist/tex/generic/pgf/frontendlayer/tikz/librarie
s/tikzlibrarydecorations.code.tex
(/usr/local/texlive/2019/texmf-dist/tex/generic/pgf/modules/pgfmoduledecoration
s.code.tex
\pgfdecoratedcompleteddistance=\dimen276
\pgfdecoratedremainingdistance=\dimen277
\pgfdecoratedinputsegmentcompleteddistance=\dimen278
\pgfdecoratedinputsegmentremainingdistance=\dimen279
\pgf@decorate@distancetomove=\dimen280
\pgf@decorate@repeatstate=\count320
\pgfdecorationsegmentamplitude=\dimen281
\pgfdecorationsegmentlength=\dimen282
)
\tikz@lib@dec@box=\box93
)
(/usr/local/texlive/2019/texmf-dist/tex/generic/pgf/libraries/decorations/pgfli
brarydecorations.pathmorphing.code.tex))
(/usr/local/texlive/2019/texmf-dist/tex/generic/pgf/frontendlayer/tikz/librarie
s/tikzlibrarydecorations.pathreplacing.code.tex
(/usr/local/texlive/2019/texmf-dist/tex/generic/pgf/libraries/decorations/pgfli
brarydecorations.pathreplacing.code.tex))
(/usr/local/texlive/2019/texmf-dist/tex/generic/pgf/frontendlayer/tikz/librarie
s/tikzlibrarydecorations.shapes.code.tex
(/usr/local/texlive/2019/texmf-dist/tex/generic/pgf/libraries/decorations/pgfli
brarydecorations.shapes.code.tex)))
(/usr/local/texlive/2019/texmf-dist/tex/latex/enumitem/enumitem.sty
Package: enumitem 2019/02/04 v3.8 Customized lists
\labelindent=\skip75
\enit@outerparindent=\dimen283
\enit@toks=\toks42
\enit@inbox=\box94
\enit@count@id=\count321
\enitdp@description=\count322
)
(/usr/local/texlive/2019/texmf-dist/tex/latex/oberdiek/pdflscape.sty
Package: pdflscape 2016/05/14 v0.11 Display of landscape pages in PDF (HO)

(/usr/local/texlive/2019/texmf-dist/tex/latex/graphics/lscape.sty
Package: lscape 2000/10/22 v3.01 Landscape Pages (DPC)
)
Package pdflscape Info: Auto-detected driver: pdftex on input line 81.
)
(/usr/local/texlive/2019/texmf-dist/tex/latex/booktabs/booktabs.sty
Package: booktabs 2016/04/27 v1.618033 publication quality tables
\heavyrulewidth=\dimen284
\lightrulewidth=\dimen285
\cmidrulewidth=\dimen286
\belowrulesep=\dimen287
\belowbottomsep=\dimen288
\aboverulesep=\dimen289
\abovetopsep=\dimen290
\cmidrulesep=\dimen291
\cmidrulekern=\dimen292
\defaultaddspace=\dimen293
\@cmidla=\count323
\@cmidlb=\count324
\@aboverulesep=\dimen294
\@belowrulesep=\dimen295
\@thisruleclass=\count325
\@lastruleclass=\count326
\@thisrulewidth=\dimen296
)
(/usr/local/texlive/2019/texmf-dist/tex/latex/adjustbox/adjustbox.sty
Package: adjustbox 2019/01/04 v1.2 Adjusting TeX boxes (trim, clip, ...)

(/usr/local/texlive/2019/texmf-dist/tex/latex/xkeyval/xkeyval.sty
Package: xkeyval 2014/12/03 v2.7a package option processing (HA)

(/usr/local/texlive/2019/texmf-dist/tex/generic/xkeyval/xkeyval.tex
(/usr/local/texlive/2019/texmf-dist/tex/generic/xkeyval/xkvutils.tex
\XKV@toks=\toks43
\XKV@tempa@toks=\toks44
)
\XKV@depth=\count327
File: xkeyval.tex 2014/12/03 v2.7a key=value parser (HA)
))
(/usr/local/texlive/2019/texmf-dist/tex/latex/adjustbox/adjcalc.sty
Package: adjcalc 2012/05/16 v1.1 Provides advanced setlength with multiple back
-ends (calc, etex, pgfmath)
)
(/usr/local/texlive/2019/texmf-dist/tex/latex/adjustbox/trimclip.sty
Package: trimclip 2018/04/08 v1.1 Trim and clip general TeX material

(/usr/local/texlive/2019/texmf-dist/tex/latex/collectbox/collectbox.sty
Package: collectbox 2012/05/17 v0.4b Collect macro arguments as boxes
\collectedbox=\box95
)
\tc@llx=\dimen297
\tc@lly=\dimen298
\tc@urx=\dimen299
\tc@ury=\dimen300
Package trimclip Info: Using driver 'tc-pdftex.def'.

(/usr/local/texlive/2019/texmf-dist/tex/latex/adjustbox/tc-pdftex.def
File: tc-pdftex.def 2019/01/04 v2.2 Clipping driver for pdftex
))
\adjbox@Width=\dimen301
\adjbox@Height=\dimen302
\adjbox@Depth=\dimen303
\adjbox@Totalheight=\dimen304
\adjbox@pwidth=\dimen305
\adjbox@pheight=\dimen306
\adjbox@pdepth=\dimen307
\adjbox@ptotalheight=\dimen308

(/usr/local/texlive/2019/texmf-dist/tex/latex/ifoddpage/ifoddpage.sty
Package: ifoddpage 2016/04/23 v1.1 Conditionals for odd/even page detection
\c@checkoddpage=\count328
)
(/usr/local/texlive/2019/texmf-dist/tex/latex/varwidth/varwidth.sty
Package: varwidth 2009/03/30 ver 0.92;  Variable-width minipages
\@vwid@box=\box96
\sift@deathcycles=\count329
\@vwid@loff=\dimen309
\@vwid@roff=\dimen310
))
(/usr/local/texlive/2019/texmf-dist/tex/latex/libertine/libertine.sty
Package: libertine 2019/02/27 (Bob Tennent) Supports Libertine and Biolinum fon
ts for all LaTeX engines.

(/usr/local/texlive/2019/texmf-dist/tex/latex/mweights/mweights.sty
Package: mweights 2017/03/30 (Bob Tennent) Support package for multiple-weight 
font packages. 
LaTeX Info: Redefining \bfseries on input line 22.
LaTeX Info: Redefining \mdseries on input line 30.
LaTeX Info: Redefining \rmfamily on input line 38.
LaTeX Info: Redefining \sffamily on input line 66.
LaTeX Info: Redefining \ttfamily on input line 94.
)
(/usr/local/texlive/2019/texmf-dist/tex/latex/base/fontenc.sty
Package: fontenc 2018/08/11 v2.0j Standard LaTeX package
)
(/usr/local/texlive/2019/texmf-dist/tex/latex/fontaxes/fontaxes.sty
Package: fontaxes 2014/03/23 v1.0d Font selection axes
LaTeX Info: Redefining \upshape on input line 29.
LaTeX Info: Redefining \itshape on input line 31.
LaTeX Info: Redefining \slshape on input line 33.
LaTeX Info: Redefining \scshape on input line 37.
)
LaTeX Info: Redefining \oldstylenums on input line 489.

(/usr/local/texlive/2019/texmf-dist/tex/latex/libertine/LinLibertine_I.tex))
(/usr/local/texlive/2019/texmf-dist/tex/latex/eulervm/eulervm.sty
Package: eulervm 2005/01/11 v4.0 (WaS)
)
(/usr/local/texlive/2019/texmf-dist/tex/latex/tools/dcolumn.sty
Package: dcolumn 2014/10/28 v1.06 decimal alignment package (DPC)
)
(/usr/local/texlive/2019/texmf-dist/tex/latex/xhfill/xhfill.sty
(/usr/local/texlive/2019/texmf-dist/tex/latex/tools/calc.sty
Package: calc 2017/05/25 v4.3 Infix arithmetic (KKT,FJ)
\calc@Acount=\count330
\calc@Bcount=\count331
\calc@Adimen=\dimen311
\calc@Bdimen=\dimen312
\calc@Askip=\skip76
\calc@Bskip=\skip77
LaTeX Info: Redefining \setlength on input line 80.
LaTeX Info: Redefining \addtolength on input line 81.
\calc@Ccount=\count332
\calc@Cskip=\skip78
)
(/usr/local/texlive/2019/texmf-dist/tex/latex/tools/xspace.sty
Package: xspace 2014/10/28 v1.13 Space after command names (DPC,MH)
)
Package: xhfill 2011/05/14\ v 1.01\ modify width and color of hrulefill
)
(/usr/local/texlive/2019/texmf-dist/tex/latex/threeparttable/threeparttable.sty
Package: threeparttable 2003/06/13  v 3.0
\@tempboxb=\box97
)
(/usr/local/texlive/2019/texmf-dist/tex/latex/threeparttablex/threeparttablex.s
ty
Package: threeparttablex 2013/07/23 v0.3 by daleif
 (/usr/local/texlive/2019/texmf-dist/tex/latex/environ/environ.sty
Package: environ 2014/05/04 v0.3 A new way to define environments

(/usr/local/texlive/2019/texmf-dist/tex/latex/trimspaces/trimspaces.sty
Package: trimspaces 2009/09/17 v1.1 Trim spaces around a token list
))
\TPTL@width=\skip79
)
(/usr/local/texlive/2019/texmf-dist/tex/latex/siunitx/siunitx.sty
Package: siunitx 2018/05/17 v2.7s A comprehensive (SI) units package

(/usr/local/texlive/2019/texmf-dist/tex/latex/l3packages/l3keys2e/l3keys2e.sty
Package: l3keys2e 2019-05-03 LaTeX2e option processing using LaTeX3 keys
)
\l__siunitx_tmp_box=\box98
\l__siunitx_tmp_dim=\dimen313
\l__siunitx_tmp_int=\count333
\l__siunitx_number_mantissa_length_int=\count334
\l__siunitx_number_uncert_length_int=\count335
\l__siunitx_round_int=\count336
\l__siunitx_process_decimal_int=\count337
\l__siunitx_process_uncertainty_int=\count338
\l__siunitx_process_fixed_int=\count339
\l__siunitx_process_integer_min_int=\count340
\l__siunitx_process_precision_int=\count341
\l__siunitx_group_min_int=\count342
\l__siunitx_angle_marker_box=\box99
\l__siunitx_angle_unit_box=\box100
\l__siunitx_angle_marker_dim=\dimen314
\l__siunitx_angle_unit_dim=\dimen315
\l__siunitx_unit_int=\count343
\l__siunitx_unit_denominator_int=\count344
\l__siunitx_unit_numerator_int=\count345
\l__siunitx_unit_prefix_int=\count346
\l__siunitx_unit_prefix_base_int=\count347
\l__siunitx_unit_prefix_gram_int=\count348
\l__siunitx_number_product_int=\count349
\c__siunitx_one_fill_skip=\skip80
\l__siunitx_table_unit_align_skip=\skip81
\l__siunitx_table_exponent_dim=\dimen316
\l__siunitx_table_integer_dim=\dimen317
\l__siunitx_table_mantissa_dim=\dimen318
\l__siunitx_table_marker_dim=\dimen319
\l__siunitx_table_result_dim=\dimen320
\l__siunitx_table_uncert_dim=\dimen321
\l__siunitx_table_fill_pre_dim=\dimen322
\l__siunitx_table_fill_post_dim=\dimen323
\l__siunitx_table_fill_mid_dim=\dimen324
\l__siunitx_table_pre_box=\box101
\l__siunitx_table_post_box=\box102
\l__siunitx_table_mantissa_box=\box103
\l__siunitx_table_result_box=\box104
\l__siunitx_table_number_align_skip=\skip82
\l__siunitx_table_text_align_skip=\skip83
(/usr/local/texlive/2019/texmf-dist/tex/latex/translator/translator.sty
Package: translator 2018/01/04 v1.12 Easy translation of strings in LaTeX
))
(/usr/local/texlive/2019/texmf-dist/tex/latex/listings/listings.sty
\lst@mode=\count350
\lst@gtempboxa=\box105
\lst@token=\toks45
\lst@length=\count351
\lst@currlwidth=\dimen325
\lst@column=\count352
\lst@pos=\count353
\lst@lostspace=\dimen326
\lst@width=\dimen327
\lst@newlines=\count354
\lst@lineno=\count355
\lst@maxwidth=\dimen328

(/usr/local/texlive/2019/texmf-dist/tex/latex/listings/lstmisc.sty
File: lstmisc.sty 2019/02/27 1.8b (Carsten Heinz)
\c@lstnumber=\count356
\lst@skipnumbers=\count357
\lst@framebox=\box106
)
(/usr/local/texlive/2019/texmf-dist/tex/latex/listings/listings.cfg
File: listings.cfg 2019/02/27 1.8b listings configuration
))
Package: listings 2019/02/27 1.8b (Carsten Heinz)

(/usr/local/texlive/2019/texmf-dist/tex/latex/listings/lstlang1.sty
File: lstlang1.sty 2019/02/27 1.8b listings language file
)
(/usr/local/texlive/2019/texmf-dist/tex/latex/listings/lstlang2.sty
File: lstlang2.sty 2019/02/27 1.8b listings language file
)
(/usr/local/texlive/2019/texmf-dist/tex/latex/listings/lstlang3.sty
File: lstlang3.sty 2019/02/27 1.8b listings language file
)

LaTeX Warning: Unused global option(s):
    [paper=a4,fontsize=13pt].

(./ProblemSet4Solution.aux)
\openout1 = `ProblemSet4Solution.aux'.

LaTeX Font Info:    Checking defaults for OML/cmm/m/it on input line 148.
LaTeX Font Info:    ... okay on input line 148.
LaTeX Font Info:    Checking defaults for T1/cmr/m/n on input line 148.
LaTeX Font Info:    ... okay on input line 148.
LaTeX Font Info:    Checking defaults for OT1/cmr/m/n on input line 148.
LaTeX Font Info:    ... okay on input line 148.
LaTeX Font Info:    Checking defaults for OMS/cmsy/m/n on input line 148.
LaTeX Font Info:    ... okay on input line 148.
LaTeX Font Info:    Checking defaults for OMX/cmex/m/n on input line 148.
LaTeX Font Info:    ... okay on input line 148.
LaTeX Font Info:    Checking defaults for U/cmr/m/n on input line 148.
LaTeX Font Info:    ... okay on input line 148.
LaTeX Font Info:    Checking defaults for FML/futm/m/it on input line 148.
LaTeX Font Info:    Try loading font information for FML+futm on input line 148
.

(/usr/local/texlive/2019/texmf-dist/tex/latex/fourier/fmlfutm.fd
File: fmlfutm.fd 2004/10/30 Fontinst v1.926 font definitions for FML/futm.
)
LaTeX Font Info:    ... okay on input line 148.
LaTeX Font Info:    Checking defaults for FMS/futm/m/n on input line 148.
LaTeX Font Info:    Try loading font information for FMS+futm on input line 148
.

(/usr/local/texlive/2019/texmf-dist/tex/latex/fourier/fmsfutm.fd
File: fmsfutm.fd 2004/10/30 Fontinst v1.926 font definitions for FMS/futm.
)
LaTeX Font Info:    ... okay on input line 148.
LaTeX Font Info:    Checking defaults for FMX/futm/m/n on input line 148.
LaTeX Font Info:    Try loading font information for FMX+futm on input line 148
.

(/usr/local/texlive/2019/texmf-dist/tex/latex/fourier/fmxfutm.fd
File: fmxfutm.fd futm-extension
)
LaTeX Font Info:    ... okay on input line 148.
LaTeX Font Info:    Checking defaults for TS1/cmr/m/n on input line 148.
LaTeX Font Info:    Try loading font information for TS1+cmr on input line 148.


(/usr/local/texlive/2019/texmf-dist/tex/latex/base/ts1cmr.fd
File: ts1cmr.fd 2014/09/29 v2.5h Standard LaTeX font definitions
)
LaTeX Font Info:    ... okay on input line 148.
LaTeX Font Info:    Checking defaults for PD1/pdf/m/n on input line 148.
LaTeX Font Info:    ... okay on input line 148.
LaTeX Font Info:    Try loading font information for T1+LinuxLibertineT-TLF on 
input line 148.

(/usr/local/texlive/2019/texmf-dist/tex/latex/libertine/T1LinuxLibertineT-TLF.f
d
File: T1LinuxLibertineT-TLF.fd 2017/03/20 (autoinst) Font definitions for T1/Li
nuxLibertineT-TLF.
)
LaTeX Font Info:    Font shape `T1/LinuxLibertineT-TLF/m/n' will be
(Font)              scaled to size 10.0pt on input line 148.
 ABD: EveryShipout initializing macros
(/usr/local/texlive/2019/texmf-dist/tex/context/base/mkii/supp-pdf.mkii
[Loading MPS to PDF converter (version 2006.09.02).]
\scratchcounter=\count358
\scratchdimen=\dimen329
\scratchbox=\box107
\nofMPsegments=\count359
\nofMParguments=\count360
\everyMPshowfont=\toks46
\MPscratchCnt=\count361
\MPscratchDim=\dimen330
\MPnumerator=\count362
\makeMPintoPDFobject=\count363
\everyMPtoPDFconversion=\toks47
) (/usr/local/texlive/2019/texmf-dist/tex/latex/oberdiek/epstopdf-base.sty
Package: epstopdf-base 2016/05/15 v2.6 Base part for package epstopdf

(/usr/local/texlive/2019/texmf-dist/tex/latex/oberdiek/grfext.sty
Package: grfext 2016/05/16 v1.2 Manage graphics extensions (HO)
)
Package epstopdf-base Info: Redefining graphics rule for `.eps' on input line 4
38.
Package grfext Info: Graphics extension search list:
(grfext)             [.pdf,.png,.jpg,.mps,.jpeg,.jbig2,.jb2,.PDF,.PNG,.JPG,.JPE
G,.JBIG2,.JB2,.eps]
(grfext)             \AppendGraphicsExtensions on input line 456.

(/usr/local/texlive/2019/texmf-dist/tex/latex/latexconfig/epstopdf-sys.cfg
File: epstopdf-sys.cfg 2010/07/13 v1.3 Configuration of (r)epstopdf for TeX Liv
e
))
Package caption Info: Begin \AtBeginDocument code.
Package caption Info: hyperref package is loaded.
Package caption Info: listings package is loaded.
Package caption Info: threeparttable package is loaded.
Package caption Info: End \AtBeginDocument code.
\AtBeginShipoutBox=\box108
Package hyperref Info: Link coloring ON on input line 148.

(/usr/local/texlive/2019/texmf-dist/tex/latex/hyperref/nameref.sty
Package: nameref 2016/05/21 v2.44 Cross-referencing by name of section

(/usr/local/texlive/2019/texmf-dist/tex/generic/oberdiek/gettitlestring.sty
Package: gettitlestring 2016/05/16 v1.5 Cleanup title references (HO)
)
\c@section@level=\count364
)
LaTeX Info: Redefining \ref on input line 148.
LaTeX Info: Redefining \pageref on input line 148.
LaTeX Info: Redefining \nameref on input line 148.

(./ProblemSet4Solution.out) (./ProblemSet4Solution.out)
\@outlinefile=\write4
\openout4 = `ProblemSet4Solution.out'.

\c@mv@tabular=\count365
\c@mv@boldtabular=\count366

(/usr/local/texlive/2019/texmf-dist/tex/latex/translator/translator-basic-dicti
onary-English.dict
Dictionary: translator-basic-dictionary, Language: English 
)
(/usr/local/texlive/2019/texmf-dist/tex/latex/siunitx/siunitx-abbreviations.cfg
File: siunitx-abbreviations.cfg 2017/11/26 v2.7k siunitx: Abbreviated units
)
\c@lstlisting=\count367
LaTeX Font Info:    Font shape `T1/LinuxLibertineT-TLF/m/n' will be
(Font)              scaled to size 7.6pt on input line 148.
LaTeX Font Info:    Font shape `T1/LinuxLibertineT-TLF/m/n' will be
(Font)              scaled to size 6.0pt on input line 148.
LaTeX Font Info:    Try loading font information for U+zeur on input line 148.
 (/usr/local/texlive/2019/texmf-dist/tex/latex/eulervm/uzeur.fd
File: uzeur.fd 2005/01/11 v4.0 (WaS)
)
LaTeX Font Info:    Try loading font information for U+zeus on input line 148.

(/usr/local/texlive/2019/texmf-dist/tex/latex/eulervm/uzeus.fd
File: uzeus.fd 2005/01/11 v4.0 (WaS)
)
LaTeX Font Info:    Try loading font information for U+zeuex on input line 148.


(/usr/local/texlive/2019/texmf-dist/tex/latex/eulervm/uzeuex.fd
File: uzeuex.fd 2005/01/11 v4.0 (WaS)
)
LaTeX Font Info:    Font shape `U/futm/m/n' will be
(Font)              scaled to size 9.19998pt on input line 148.
LaTeX Font Info:    Font shape `U/futm/m/n' will be
(Font)              scaled to size 6.99199pt on input line 148.
LaTeX Font Info:    Font shape `U/futm/m/n' will be
(Font)              scaled to size 5.51999pt on input line 148.
LaTeX Font Info:    Try loading font information for U+wasy on input line 148.

(/usr/local/texlive/2019/texmf-dist/tex/latex/wasysym/uwasy.fd
File: uwasy.fd 2003/10/30 v2.0 Wasy-2 symbol font definitions
)
LaTeX Font Info:    Try loading font information for T1+LinuxBiolinumT-TLF on i
nput line 148.

(/usr/local/texlive/2019/texmf-dist/tex/latex/libertine/T1LinuxBiolinumT-TLF.fd
File: T1LinuxBiolinumT-TLF.fd 2017/03/20 (autoinst) Font definitions for T1/Lin
uxBiolinumT-TLF.
)
LaTeX Font Info:    Font shape `T1/LinuxBiolinumT-TLF/m/n' will be
(Font)              scaled to size 10.0pt on input line 148.
LaTeX Font Info:    Font shape `T1/LinuxBiolinumT-TLF/m/n' will be
(Font)              scaled to size 7.6pt on input line 148.
LaTeX Font Info:    Font shape `T1/LinuxBiolinumT-TLF/m/n' will be
(Font)              scaled to size 6.0pt on input line 148.
LaTeX Font Info:    Try loading font information for T1+LinuxLibertineMonoT-TLF
 on input line 148.

(/usr/local/texlive/2019/texmf-dist/tex/latex/libertine/T1LinuxLibertineMonoT-T
LF.fd
File: T1LinuxLibertineMonoT-TLF.fd 2017/03/20 (autoinst) Font definitions for T
1/LinuxLibertineMonoT-TLF.
)
LaTeX Font Info:    Font shape `T1/LinuxLibertineMonoT-TLF/m/n' will be
(Font)              scaled to size 10.0pt on input line 148.
LaTeX Font Info:    Font shape `T1/LinuxLibertineMonoT-TLF/m/n' will be
(Font)              scaled to size 7.6pt on input line 148.
LaTeX Font Info:    Font shape `T1/LinuxLibertineMonoT-TLF/m/n' will be
(Font)              scaled to size 6.0pt on input line 148.
LaTeX Font Info:    Font shape `T1/LinuxLibertineT-TLF/m/n' will be
(Font)              scaled to size 17.28pt on input line 158.
LaTeX Font Info:    Font shape `T1/LinuxLibertineT-TLF/m/n' will be
(Font)              scaled to size 20.74pt on input line 158.
LaTeX Font Info:    Font shape `T1/LinuxLibertineT-TLF/m/n' will be
(Font)              scaled to size 12.0pt on input line 158.
LaTeX Font Info:    Font shape `T1/LinuxLibertineT-TLF/m/n' will be
(Font)              scaled to size 9.0pt on input line 158.
LaTeX Font Info:    Font shape `T1/LinuxLibertineT-TLF/m/n' will be
(Font)              scaled to size 7.0pt on input line 158.
LaTeX Font Info:    Font shape `T1/LinuxBiolinumT-TLF/m/n' will be
(Font)              scaled to size 12.0pt on input line 158.
LaTeX Font Info:    Font shape `T1/LinuxBiolinumT-TLF/m/n' will be
(Font)              scaled to size 9.0pt on input line 158.
LaTeX Font Info:    Font shape `T1/LinuxBiolinumT-TLF/m/n' will be
(Font)              scaled to size 7.0pt on input line 158.
LaTeX Font Info:    Font shape `T1/LinuxLibertineMonoT-TLF/m/n' will be
(Font)              scaled to size 12.0pt on input line 158.
LaTeX Font Info:    Font shape `T1/LinuxLibertineMonoT-TLF/m/n' will be
(Font)              scaled to size 9.0pt on input line 158.
LaTeX Font Info:    Font shape `T1/LinuxLibertineMonoT-TLF/m/n' will be
(Font)              scaled to size 7.0pt on input line 158.
LaTeX Font Info:    Font shape `U/futm/m/n' will be
(Font)              scaled to size 11.03998pt on input line 158.
LaTeX Font Info:    Font shape `U/futm/m/n' will be
(Font)              scaled to size 8.27998pt on input line 158.
LaTeX Font Info:    Font shape `U/futm/m/n' will be
(Font)              scaled to size 6.43999pt on input line 158.
LaTeX Font Info:    Try loading font information for TS1+LinuxLibertineT-TLF on
 input line 158.

(/usr/local/texlive/2019/texmf-dist/tex/latex/libertine/TS1LinuxLibertineT-TLF.
fd
File: TS1LinuxLibertineT-TLF.fd 2017/03/20 (autoinst) Font definitions for TS1/
LinuxLibertineT-TLF.
)
LaTeX Font Info:    Font shape `TS1/LinuxLibertineT-TLF/m/n' will be
(Font)              scaled to size 9.0pt on input line 158.
LaTeX Font Info:    Font shape `T1/LinuxLibertineT-TLF/m/n' will be
(Font)              scaled to size 8.0pt on input line 158.
LaTeX Font Info:    Font shape `T1/LinuxLibertineT-TLF/m/n' will be
(Font)              scaled to size 6.8pt on input line 158.
LaTeX Font Info:    Font shape `T1/LinuxBiolinumT-TLF/m/n' will be
(Font)              scaled to size 8.0pt on input line 158.
LaTeX Font Info:    Font shape `T1/LinuxBiolinumT-TLF/m/n' will be
(Font)              scaled to size 6.8pt on input line 158.
LaTeX Font Info:    Font shape `T1/LinuxLibertineMonoT-TLF/m/n' will be
(Font)              scaled to size 8.0pt on input line 158.
LaTeX Font Info:    Font shape `T1/LinuxLibertineMonoT-TLF/m/n' will be
(Font)              scaled to size 6.8pt on input line 158.
LaTeX Font Info:    Font shape `U/futm/m/n' will be
(Font)              scaled to size 7.35999pt on input line 158.
LaTeX Font Info:    Font shape `U/futm/m/n' will be
(Font)              scaled to size 6.25598pt on input line 158.
LaTeX Font Info:    Font shape `TS1/LinuxLibertineT-TLF/m/n' will be
(Font)              scaled to size 6.8pt on input line 158.
LaTeX Font Info:    Font shape `T1/LinuxLibertineT-TLF/b/n' will be
(Font)              scaled to size 10.0pt on input line 162.

Overfull \hbox (26.64168pt too wide) in alignment at lines 170--173
 [][][] []
 []

[1

{/usr/local/texlive/2019/texmf-var/fonts/map/pdftex/updmap/pdftex.map}]
Underfull \hbox (badness 10000) in paragraph at lines 200--202

 []


Overfull \hbox (113.45091pt too wide) in paragraph at lines 203--204
[][][][][][][][][][][][][][][][][][][][][][][][][][][][][][][][][][][][][][][][
][][][][][][][][][][][][][][][][][][][][][][][][][][][][][][][][][] 
 []

[2]
Package atveryend Info: Empty hook `BeforeClearDocument' on input line 227.
Package atveryend Info: Empty hook `AfterLastShipout' on input line 227.
 (./ProblemSet4Solution.aux)
Package atveryend Info: Executing hook `AtVeryEndDocument' on input line 227.
Package atveryend Info: Executing hook `AtEndAfterFileList' on input line 227.
Package rerunfilecheck Info: File `ProblemSet4Solution.out' has not changed.
(rerunfilecheck)             Checksum: D41D8CD98F00B204E9800998ECF8427E;0.
Package atveryend Info: Empty hook `AtVeryVeryEnd' on input line 227.
 ) 
Here is how much of TeX's memory you used:
 37355 strings out of 492616
 721705 string characters out of 6129482
 997994 words of memory out of 5000000
 40638 multiletter control sequences out of 15000+600000
 655310 words of font info for 136 fonts, out of 8000000 for 9000
 1141 hyphenation exceptions out of 8191
 55i,11n,76p,421b,1809s stack positions out of 5000i,500n,10000p,200000b,80000s
{/usr/local/texlive/2019/texmf-dist/fonts/enc/dvips/libertine/lbtn_d6jdyt.enc
}{/usr/local/texlive/2019/texmf-dist/fonts/enc/dvips/libertine/lbtn_nh77jq.enc}
{/usr/local/texlive/2019/texmf-dist/fonts/enc/dvips/libertine/lbtn_naooyc.enc}{
/usr/local/texlive/2019/texmf-dist/fonts/enc/dvips/libertine/lbtn_76gpa5.enc}</
usr/local/texlive/2019/texmf-dist/fonts/type1/public/libertine/LinLibertineMT.p
fb></usr/local/texlive/2019/texmf-dist/fonts/type1/public/libertine/LinLibertin
eT.pfb></usr/local/texlive/2019/texmf-dist/fonts/type1/public/libertine/LinLibe
rtineTB.pfb></usr/local/texlive/2019/texmf-dist/fonts/type1/public/amsfonts/cm/
cmex10.pfb></usr/local/texlive/2019/texmf-dist/fonts/type1/public/amsfonts/cm/c
msy10.pfb></usr/local/texlive/2019/texmf-dist/fonts/type1/public/amsfonts/cm/cm
sy7.pfb></usr/local/texlive/2019/texmf-dist/fonts/type1/public/amsfonts/euler/e
ufm10.pfb></usr/local/texlive/2019/texmf-dist/fonts/type1/public/amsfonts/euler
/eufm7.pfb></usr/local/texlive/2019/texmf-dist/fonts/type1/public/amsfonts/eule
r/eurm10.pfb></usr/local/texlive/2019/texmf-dist/fonts/type1/public/amsfonts/eu
ler/eurm7.pfb></usr/local/texlive/2019/texmf-dist/fonts/type1/public/amsfonts/e
uler/eusm10.pfb></usr/local/texlive/2019/texmf-dist/fonts/type1/public/amsfonts
/symbols/msam10.pfb>
Output written on ProblemSet4Solution.pdf (2 pages, 246336 bytes).
PDF statistics:
 95 PDF objects out of 1000 (max. 8388607)
 78 compressed objects within 1 object stream
 20 named destinations out of 1000 (max. 500000)
 13 words of extra memory for PDF output out of 10000 (max. 10000000)

